mode: set
github.com/tzneal/prompt/completers.go:35.73,36.41 1 1
github.com/tzneal/prompt/completers.go:36.41,39.22 1 1
github.com/tzneal/prompt/completers.go:45.3,47.62 2 1
github.com/tzneal/prompt/completers.go:60.3,61.17 2 1
github.com/tzneal/prompt/completers.go:64.3,65.33 2 1
github.com/tzneal/prompt/completers.go:79.3,79.16 1 1
github.com/tzneal/prompt/completers.go:39.22,41.4 1 0
github.com/tzneal/prompt/completers.go:41.4,43.4 1 1
github.com/tzneal/prompt/completers.go:47.62,50.4 2 1
github.com/tzneal/prompt/completers.go:50.4,54.17 2 1
github.com/tzneal/prompt/completers.go:54.17,57.5 1 0
github.com/tzneal/prompt/completers.go:61.17,63.4 1 0
github.com/tzneal/prompt/completers.go:65.33,66.42 1 1
github.com/tzneal/prompt/completers.go:66.42,68.57 2 1
github.com/tzneal/prompt/completers.go:68.57,69.50 1 1
github.com/tzneal/prompt/completers.go:69.50,71.7 1 1
github.com/tzneal/prompt/completers.go:72.6,73.51 1 1
github.com/tzneal/prompt/completers.go:73.51,75.7 1 1
github.com/tzneal/prompt/completiontype_string.go:11.41,12.55 1 0
github.com/tzneal/prompt/completiontype_string.go:15.2,15.82 1 0
github.com/tzneal/prompt/completiontype_string.go:12.55,14.3 1 0
github.com/tzneal/prompt/itemtype_string.go:11.35,12.43 1 1
github.com/tzneal/prompt/itemtype_string.go:15.2,15.64 1 1
github.com/tzneal/prompt/itemtype_string.go:12.43,14.3 1 0
github.com/tzneal/prompt/lex.go:35.31,37.2 1 0
github.com/tzneal/prompt/lex.go:49.36,51.2 1 0
github.com/tzneal/prompt/lex.go:53.34,60.2 3 1
github.com/tzneal/prompt/lex.go:64.23,65.41 1 1
github.com/tzneal/prompt/lex.go:68.2,68.16 1 1
github.com/tzneal/prompt/lex.go:65.41,67.3 1 1
github.com/tzneal/prompt/lex.go:72.34,75.2 2 1
github.com/tzneal/prompt/lex.go:78.33,79.27 1 1
github.com/tzneal/prompt/lex.go:83.2,85.10 3 1
github.com/tzneal/prompt/lex.go:79.27,82.3 2 1
github.com/tzneal/prompt/lex.go:91.71,97.2 2 1
github.com/tzneal/prompt/lex.go:101.29,105.2 3 1
github.com/tzneal/prompt/lex.go:108.26,110.2 1 1
github.com/tzneal/prompt/lex.go:114.26,116.2 1 1
github.com/tzneal/prompt/lex.go:119.57,121.35 1 1
github.com/tzneal/prompt/lex.go:121.35,123.7 1 1
github.com/tzneal/prompt/lex.go:136.3,137.20 2 1
github.com/tzneal/prompt/lex.go:123.7,124.20 1 1
github.com/tzneal/prompt/lex.go:125.4,126.45 1 1
github.com/tzneal/prompt/lex.go:129.5,129.16 1 1
github.com/tzneal/prompt/lex.go:130.4,131.50 1 1
github.com/tzneal/prompt/lex.go:132.4,133.15 1 1
github.com/tzneal/prompt/lex.go:126.45,127.11 1 1
github.com/tzneal/prompt/lex.go:141.35,142.6 1 1
github.com/tzneal/prompt/lex.go:149.2,151.19 3 1
github.com/tzneal/prompt/lex.go:142.6,145.17 2 1
github.com/tzneal/prompt/lex.go:145.17,146.9 1 1
github.com/tzneal/prompt/lex.go:154.39,156.6 2 1
github.com/tzneal/prompt/lex.go:156.6,157.25 1 1
github.com/tzneal/prompt/lex.go:158.3,159.12 1 1
github.com/tzneal/prompt/lex.go:161.3,163.21 2 0
github.com/tzneal/prompt/lex.go:165.3,168.21 3 1
github.com/tzneal/prompt/lex.go:170.3,172.14 2 1
github.com/tzneal/prompt/lex.go:174.3,175.60 1 0
github.com/tzneal/prompt/lex.go:180.37,182.6 2 1
github.com/tzneal/prompt/lex.go:182.6,184.25 2 1
github.com/tzneal/prompt/lex.go:185.3,186.18 1 1
github.com/tzneal/prompt/lex.go:187.3,188.20 1 1
github.com/tzneal/prompt/lex.go:189.3,191.21 2 1
github.com/tzneal/prompt/lex.go:192.3,193.58 1 1
github.com/tzneal/prompt/lex.go:198.29,200.24 1 1
github.com/tzneal/prompt/lex.go:200.24,203.3 2 1
github.com/tzneal/prompt/lex.go:206.45,209.53 3 1
github.com/tzneal/prompt/lex.go:211.2,213.22 3 1
github.com/tzneal/prompt/lex.go:209.53,210.3 0 1
github.com/tzneal/prompt/lex.go:216.42,218.6 2 1
github.com/tzneal/prompt/lex.go:218.6,219.25 1 1
github.com/tzneal/prompt/lex.go:220.3,222.23 2 1
github.com/tzneal/prompt/lex.go:225.4,225.21 1 1
github.com/tzneal/prompt/lex.go:226.3,227.47 1 1
github.com/tzneal/prompt/lex.go:228.3,229.26 1 1
github.com/tzneal/prompt/lex.go:232.4,233.23 2 1
github.com/tzneal/prompt/lex.go:236.4,236.21 1 1
github.com/tzneal/prompt/lex.go:237.3,238.60 1 1
github.com/tzneal/prompt/lex.go:222.23,224.5 1 1
github.com/tzneal/prompt/lex.go:229.26,231.5 1 1
github.com/tzneal/prompt/lex.go:233.23,235.5 1 1
github.com/tzneal/prompt/lex.go:243.38,244.6 1 1
github.com/tzneal/prompt/lex.go:244.6,246.25 2 1
github.com/tzneal/prompt/lex.go:247.3,248.24 1 1
github.com/tzneal/prompt/lex.go:249.3,250.24 1 1
github.com/tzneal/prompt/lex.go:251.3,252.25 1 1
github.com/tzneal/prompt/lex.go:253.3,254.20 1 1
github.com/tzneal/prompt/lex.go:255.3,256.20 1 1
github.com/tzneal/prompt/lex.go:257.3,258.22 1 1
github.com/tzneal/prompt/lex.go:259.3,261.22 2 1
github.com/tzneal/prompt/lex.go:262.3,263.25 1 1
github.com/tzneal/prompt/lex.go:264.3,265.30 1 1
github.com/tzneal/prompt/lex.go:269.4,269.24 1 1
github.com/tzneal/prompt/lex.go:270.3,272.20 2 1
github.com/tzneal/prompt/lex.go:273.3,274.14 1 1
github.com/tzneal/prompt/lex.go:275.3,276.18 1 1
github.com/tzneal/prompt/lex.go:265.30,268.5 2 1
github.com/tzneal/prompt/lex.go:282.27,284.2 1 1
github.com/tzneal/prompt/lex.go:287.31,289.2 1 1
github.com/tzneal/prompt/lex.go:292.34,294.2 1 1
github.com/tzneal/prompt/lex.go:296.27,298.2 1 1
github.com/tzneal/prompt/lex.go:300.26,302.11 1 1
github.com/tzneal/prompt/lex.go:303.2,304.15 1 1
github.com/tzneal/prompt/lex.go:305.2,306.14 1 1
github.com/tzneal/prompt/parse.go:16.32,19.28 2 1
github.com/tzneal/prompt/parse.go:27.2,27.24 1 1
github.com/tzneal/prompt/parse.go:42.2,42.24 1 1
github.com/tzneal/prompt/parse.go:47.2,47.19 1 1
github.com/tzneal/prompt/parse.go:19.28,21.26 2 1
github.com/tzneal/prompt/parse.go:21.26,23.4 1 1
github.com/tzneal/prompt/parse.go:27.24,28.31 1 1
github.com/tzneal/prompt/parse.go:28.31,31.23 3 1
github.com/tzneal/prompt/parse.go:35.4,35.29 1 1
github.com/tzneal/prompt/parse.go:31.23,34.5 2 1
github.com/tzneal/prompt/parse.go:35.29,37.5 1 1
github.com/tzneal/prompt/parse.go:42.24,45.3 2 0
github.com/tzneal/prompt/parse.go:69.34,75.19 6 1
github.com/tzneal/prompt/parse.go:79.2,80.19 2 1
github.com/tzneal/prompt/parse.go:75.19,78.3 2 1
github.com/tzneal/prompt/parse.go:83.32,87.29 3 1
github.com/tzneal/prompt/parse.go:94.2,94.24 1 1
github.com/tzneal/prompt/parse.go:105.2,106.19 2 1
github.com/tzneal/prompt/parse.go:87.29,89.27 2 1
github.com/tzneal/prompt/parse.go:89.27,91.4 1 1
github.com/tzneal/prompt/parse.go:94.24,96.32 2 1
github.com/tzneal/prompt/parse.go:96.32,99.30 3 1
github.com/tzneal/prompt/parse.go:99.30,101.5 1 1
github.com/tzneal/prompt/parse.go:117.30,118.22 1 1
github.com/tzneal/prompt/parse.go:123.2,123.23 1 1
github.com/tzneal/prompt/parse.go:118.22,122.3 3 1
github.com/tzneal/prompt/parse.go:126.30,127.22 1 1
github.com/tzneal/prompt/parse.go:131.2,132.19 2 1
github.com/tzneal/prompt/parse.go:127.22,129.3 1 0
github.com/tzneal/prompt/parse.go:135.33,137.2 1 1
github.com/tzneal/prompt/parse.go:141.46,143.30 2 1
github.com/tzneal/prompt/parse.go:147.2,147.33 1 1
github.com/tzneal/prompt/parse.go:151.2,154.19 3 1
github.com/tzneal/prompt/parse.go:143.30,146.3 2 0
github.com/tzneal/prompt/parse.go:147.33,150.3 2 0
github.com/tzneal/prompt/parse.go:155.2,156.14 1 0
github.com/tzneal/prompt/parse.go:157.2,158.13 1 0
github.com/tzneal/prompt/parse.go:159.2,160.23 1 1
github.com/tzneal/prompt/parse.go:161.2,163.13 2 0
github.com/tzneal/prompt/parse.go:167.42,169.31 2 1
github.com/tzneal/prompt/parse.go:173.2,175.42 3 1
github.com/tzneal/prompt/parse.go:181.2,182.20 2 1
github.com/tzneal/prompt/parse.go:169.31,172.3 2 1
github.com/tzneal/prompt/parse.go:175.42,179.3 3 1
github.com/tzneal/prompt/parse.go:185.47,188.40 3 1
github.com/tzneal/prompt/parse.go:192.2,192.38 1 1
github.com/tzneal/prompt/parse.go:198.2,199.20 2 1
github.com/tzneal/prompt/parse.go:188.40,190.3 1 1
github.com/tzneal/prompt/parse.go:192.38,193.57 1 1
github.com/tzneal/prompt/parse.go:193.57,196.4 2 1
github.com/tzneal/prompt/parse.go:203.44,204.31 1 1
github.com/tzneal/prompt/parse.go:208.2,209.6 2 1
github.com/tzneal/prompt/parse.go:204.31,206.3 1 1
github.com/tzneal/prompt/parse.go:209.6,211.19 2 1
github.com/tzneal/prompt/parse.go:212.3,213.15 1 0
github.com/tzneal/prompt/parse.go:214.3,215.14 1 1
github.com/tzneal/prompt/parse.go:216.3,218.22 2 1
github.com/tzneal/prompt/parse.go:219.3,221.14 2 1
github.com/tzneal/prompt/parse.go:227.42,228.6 1 1
github.com/tzneal/prompt/parse.go:228.6,230.19 2 1
github.com/tzneal/prompt/parse.go:231.3,232.15 1 0
github.com/tzneal/prompt/parse.go:233.3,234.14 1 1
github.com/tzneal/prompt/parse.go:235.3,237.14 2 1
github.com/tzneal/prompt/parse.go:238.3,239.80 1 1
github.com/tzneal/prompt/parse.go:241.3,243.27 2 1
github.com/tzneal/prompt/parse.go:245.3,246.22 1 1
github.com/tzneal/prompt/parse.go:248.3,249.26 1 1
github.com/tzneal/prompt/parse.go:251.3,252.24 1 1
github.com/tzneal/prompt/parse.go:253.3,255.14 2 1
github.com/tzneal/prompt/parse.go:260.47,263.2 2 1
github.com/tzneal/prompt/parse.go:265.41,266.44 1 1
github.com/tzneal/prompt/parse.go:269.2,269.31 1 1
github.com/tzneal/prompt/parse.go:272.2,272.18 1 1
github.com/tzneal/prompt/parse.go:275.2,275.22 1 1
github.com/tzneal/prompt/parse.go:266.44,268.3 1 1
github.com/tzneal/prompt/parse.go:269.31,271.3 1 1
github.com/tzneal/prompt/parse.go:272.18,274.3 1 1
github.com/tzneal/prompt/segmenttype_string.go:11.38,12.49 1 1
github.com/tzneal/prompt/segmenttype_string.go:15.2,15.73 1 1
github.com/tzneal/prompt/segmenttype_string.go:12.49,14.3 1 0
github.com/tzneal/prompt/command.go:32.37,33.33 1 1
github.com/tzneal/prompt/command.go:38.2,38.14 1 1
github.com/tzneal/prompt/command.go:33.33,34.49 1 1
github.com/tzneal/prompt/command.go:34.49,36.4 1 1
github.com/tzneal/prompt/command.go:41.42,42.33 1 1
github.com/tzneal/prompt/command.go:47.2,47.14 1 1
github.com/tzneal/prompt/command.go:42.33,43.49 1 1
github.com/tzneal/prompt/command.go:43.49,45.4 1 1
github.com/tzneal/prompt/command.go:50.51,52.60 1 1
github.com/tzneal/prompt/command.go:57.2,57.41 1 1
github.com/tzneal/prompt/command.go:61.2,62.31 2 1
github.com/tzneal/prompt/command.go:80.2,80.11 1 1
github.com/tzneal/prompt/command.go:52.60,54.3 1 1
github.com/tzneal/prompt/command.go:57.41,59.3 1 1
github.com/tzneal/prompt/command.go:62.31,64.47 1 1
github.com/tzneal/prompt/command.go:67.3,67.45 1 1
github.com/tzneal/prompt/command.go:64.47,66.4 1 1
github.com/tzneal/prompt/command.go:68.3,69.20 1 1
github.com/tzneal/prompt/command.go:70.3,71.51 1 1
github.com/tzneal/prompt/command.go:74.3,75.24 1 1
github.com/tzneal/prompt/command.go:71.51,73.5 1 1
github.com/tzneal/prompt/command.go:75.24,77.5 1 1
github.com/tzneal/prompt/command.go:83.104,85.55 1 1
github.com/tzneal/prompt/command.go:91.2,91.54 1 1
github.com/tzneal/prompt/command.go:109.2,111.25 3 1
github.com/tzneal/prompt/command.go:119.2,119.25 1 1
github.com/tzneal/prompt/command.go:128.2,130.37 2 1
github.com/tzneal/prompt/command.go:150.2,150.50 1 1
github.com/tzneal/prompt/command.go:85.55,87.3 1 1
github.com/tzneal/prompt/command.go:91.54,93.3 1 1
github.com/tzneal/prompt/command.go:93.3,93.61 1 1
github.com/tzneal/prompt/command.go:93.61,96.50 2 1
github.com/tzneal/prompt/command.go:105.3,105.27 1 0
github.com/tzneal/prompt/command.go:96.50,100.46 3 1
github.com/tzneal/prompt/command.go:103.4,103.29 1 0
github.com/tzneal/prompt/command.go:100.46,102.5 1 1
github.com/tzneal/prompt/command.go:111.25,112.74 1 1
github.com/tzneal/prompt/command.go:115.3,115.18 1 1
github.com/tzneal/prompt/command.go:112.74,114.4 1 1
github.com/tzneal/prompt/command.go:119.25,121.41 1 1
github.com/tzneal/prompt/command.go:125.3,125.16 1 1
github.com/tzneal/prompt/command.go:121.41,123.4 1 1
github.com/tzneal/prompt/command.go:130.37,133.10 2 1
github.com/tzneal/prompt/command.go:137.3,138.31 2 1
github.com/tzneal/prompt/command.go:143.3,143.22 1 1
github.com/tzneal/prompt/command.go:146.3,146.19 1 1
github.com/tzneal/prompt/command.go:133.10,135.4 1 0
github.com/tzneal/prompt/command.go:138.31,140.4 1 1
github.com/tzneal/prompt/command.go:140.4,142.4 1 1
github.com/tzneal/prompt/command.go:143.22,145.4 1 1
github.com/tzneal/prompt/command.go:153.51,154.32 1 1
github.com/tzneal/prompt/command.go:160.2,160.30 1 1
github.com/tzneal/prompt/command.go:163.2,163.18 1 1
github.com/tzneal/prompt/command.go:154.32,155.23 1 1
github.com/tzneal/prompt/command.go:158.3,158.27 1 1
github.com/tzneal/prompt/command.go:155.23,157.4 1 1
github.com/tzneal/prompt/command.go:160.30,162.3 1 1
github.com/tzneal/prompt/command.go:166.64,167.32 1 1
github.com/tzneal/prompt/command.go:170.2,170.30 1 1
github.com/tzneal/prompt/command.go:173.2,173.47 1 1
github.com/tzneal/prompt/command.go:176.2,176.21 1 1
github.com/tzneal/prompt/command.go:167.32,169.3 1 1
github.com/tzneal/prompt/command.go:170.30,172.3 1 1
github.com/tzneal/prompt/command.go:173.47,175.3 1 1
github.com/tzneal/prompt/command.go:179.62,182.16 3 1
github.com/tzneal/prompt/command.go:185.2,185.19 1 1
github.com/tzneal/prompt/command.go:188.2,190.17 3 1
github.com/tzneal/prompt/command.go:182.16,184.3 1 0
github.com/tzneal/prompt/command.go:185.19,187.3 1 0
github.com/tzneal/prompt/commandset.go:18.45,22.2 1 1
github.com/tzneal/prompt/commandset.go:33.74,35.16 2 1
github.com/tzneal/prompt/commandset.go:38.2,39.12 2 1
github.com/tzneal/prompt/commandset.go:35.16,37.3 1 0
github.com/tzneal/prompt/filters.go:18.52,22.20 2 1
github.com/tzneal/prompt/filters.go:26.2,29.27 4 1
github.com/tzneal/prompt/filters.go:40.2,40.20 1 1
github.com/tzneal/prompt/filters.go:44.2,45.16 2 1
github.com/tzneal/prompt/filters.go:50.2,50.16 1 1
github.com/tzneal/prompt/filters.go:22.20,25.3 2 1
github.com/tzneal/prompt/filters.go:29.27,30.14 1 1
github.com/tzneal/prompt/filters.go:31.3,32.25 1 1
github.com/tzneal/prompt/filters.go:33.3,34.22 1 1
github.com/tzneal/prompt/filters.go:35.3,36.15 1 1
github.com/tzneal/prompt/filters.go:40.20,42.3 1 1
github.com/tzneal/prompt/filters.go:45.16,48.3 2 1
github.com/tzneal/prompt/filters.go:50.16,53.65 3 1
github.com/tzneal/prompt/filters.go:56.3,57.14 2 1
github.com/tzneal/prompt/filters.go:53.65,54.12 1 1
github.com/tzneal/prompt/matchtype_string.go:11.36,12.45 1 0
github.com/tzneal/prompt/matchtype_string.go:15.2,15.67 1 0
github.com/tzneal/prompt/matchtype_string.go:12.45,14.3 1 0
github.com/tzneal/prompt/prompt.go:27.26,32.27 4 1
github.com/tzneal/prompt/prompt.go:40.2,41.10 2 1
github.com/tzneal/prompt/prompt.go:32.27,34.4 1 1
github.com/tzneal/prompt/prompt.go:45.32,49.2 3 1
github.com/tzneal/prompt/prompt.go:52.57,55.26 3 1
github.com/tzneal/prompt/prompt.go:58.2,58.11 1 1
github.com/tzneal/prompt/prompt.go:55.26,57.3 1 1
github.com/tzneal/prompt/prompt.go:64.49,67.23 3 1
github.com/tzneal/prompt/prompt.go:84.2,85.13 2 1
github.com/tzneal/prompt/prompt.go:67.23,69.32 2 1
github.com/tzneal/prompt/prompt.go:69.32,70.23 1 1
github.com/tzneal/prompt/prompt.go:70.23,72.33 1 1
github.com/tzneal/prompt/prompt.go:75.5,75.10 1 1
github.com/tzneal/prompt/prompt.go:72.33,74.6 1 1
github.com/tzneal/prompt/prompt.go:76.5,80.5 3 1
github.com/tzneal/prompt/prompt.go:94.38,94.63 1 1
github.com/tzneal/prompt/prompt.go:95.38,95.76 1 1
github.com/tzneal/prompt/prompt.go:96.33,99.2 2 1
github.com/tzneal/prompt/prompt.go:101.58,105.28 3 1
github.com/tzneal/prompt/prompt.go:115.2,115.31 1 1
github.com/tzneal/prompt/prompt.go:127.2,128.26 2 1
github.com/tzneal/prompt/prompt.go:105.28,107.17 2 0
github.com/tzneal/prompt/prompt.go:110.3,111.27 2 0
github.com/tzneal/prompt/prompt.go:107.17,109.4 1 0
github.com/tzneal/prompt/prompt.go:115.31,117.43 2 0
github.com/tzneal/prompt/prompt.go:117.43,120.4 2 0
github.com/tzneal/prompt/prompt.go:120.4,125.4 4 0
github.com/tzneal/prompt/prompt.go:128.26,130.3 1 0
github.com/tzneal/prompt/prompt.go:134.32,135.68 1 1
github.com/tzneal/prompt/prompt.go:160.2,160.14 1 1
github.com/tzneal/prompt/prompt.go:135.68,137.26 1 1
github.com/tzneal/prompt/prompt.go:141.3,142.17 2 1
github.com/tzneal/prompt/prompt.go:147.3,147.32 1 1
github.com/tzneal/prompt/prompt.go:157.3,157.14 1 1
github.com/tzneal/prompt/prompt.go:137.26,139.4 1 1
github.com/tzneal/prompt/prompt.go:142.17,145.4 2 1
github.com/tzneal/prompt/prompt.go:147.32,149.20 2 1
github.com/tzneal/prompt/prompt.go:149.20,152.5 2 1
github.com/tzneal/prompt/prompt.go:152.5,155.5 2 1
github.com/tzneal/prompt/prompt.go:165.69,166.37 1 0
github.com/tzneal/prompt/prompt.go:169.2,170.12 2 0
github.com/tzneal/prompt/prompt.go:166.37,168.3 1 0
github.com/tzneal/prompt/prompt.go:174.40,175.28 1 1
github.com/tzneal/prompt/prompt.go:179.2,179.44 1 1
github.com/tzneal/prompt/prompt.go:175.28,178.3 2 1
github.com/tzneal/prompt/prompt.go:183.52,184.39 1 1
github.com/tzneal/prompt/prompt.go:188.2,188.52 1 0
github.com/tzneal/prompt/prompt.go:184.39,187.3 2 1
github.com/tzneal/prompt/prompt.go:192.50,193.29 1 1
github.com/tzneal/prompt/prompt.go:196.2,196.44 1 1
github.com/tzneal/prompt/prompt.go:193.29,195.3 1 1
github.com/tzneal/prompt/prompt.go:204.63,205.34 1 0
github.com/tzneal/prompt/prompt.go:208.2,209.12 2 0
github.com/tzneal/prompt/prompt.go:205.34,207.3 1 0
github.com/tzneal/prompt/prompt.go:212.48,213.34 1 1
github.com/tzneal/prompt/prompt.go:216.2,218.53 3 1
github.com/tzneal/prompt/prompt.go:224.2,224.17 1 1
github.com/tzneal/prompt/prompt.go:213.34,215.3 1 1
github.com/tzneal/prompt/prompt.go:218.53,219.70 1 1
github.com/tzneal/prompt/prompt.go:219.70,222.4 2 1
github.com/tzneal/prompt/prompt.go:227.55,229.16 2 1
github.com/tzneal/prompt/prompt.go:234.2,241.16 4 1
github.com/tzneal/prompt/prompt.go:245.2,247.53 3 1
github.com/tzneal/prompt/prompt.go:262.2,262.24 1 1
github.com/tzneal/prompt/prompt.go:272.2,272.42 1 1
github.com/tzneal/prompt/prompt.go:281.2,283.30 2 1
github.com/tzneal/prompt/prompt.go:292.2,297.21 3 1
github.com/tzneal/prompt/prompt.go:301.2,302.28 2 1
github.com/tzneal/prompt/prompt.go:315.2,315.12 1 1
github.com/tzneal/prompt/prompt.go:229.16,232.3 1 0
github.com/tzneal/prompt/prompt.go:241.16,243.3 1 1
github.com/tzneal/prompt/prompt.go:247.53,249.26 2 1
github.com/tzneal/prompt/prompt.go:252.3,252.28 1 1
github.com/tzneal/prompt/prompt.go:256.3,256.25 1 1
github.com/tzneal/prompt/prompt.go:249.26,251.4 1 0
github.com/tzneal/prompt/prompt.go:252.28,254.4 1 1
github.com/tzneal/prompt/prompt.go:256.25,258.4 1 1
github.com/tzneal/prompt/prompt.go:262.24,264.3 1 1
github.com/tzneal/prompt/prompt.go:272.42,273.31 1 0
github.com/tzneal/prompt/prompt.go:278.3,278.26 1 0
github.com/tzneal/prompt/prompt.go:273.31,274.30 1 0
github.com/tzneal/prompt/prompt.go:274.30,276.5 1 0
github.com/tzneal/prompt/prompt.go:283.30,284.28 1 1
github.com/tzneal/prompt/prompt.go:287.3,287.45 1 1
github.com/tzneal/prompt/prompt.go:284.28,285.12 1 0
github.com/tzneal/prompt/prompt.go:297.21,299.3 1 0
github.com/tzneal/prompt/prompt.go:302.28,304.31 1 1
github.com/tzneal/prompt/prompt.go:307.3,313.39 4 1
github.com/tzneal/prompt/prompt.go:304.31,305.12 1 0
github.com/tzneal/prompt/prompt.go:318.35,320.25 2 1
github.com/tzneal/prompt/prompt.go:326.2,326.19 1 1
github.com/tzneal/prompt/prompt.go:320.25,322.22 2 1
github.com/tzneal/prompt/prompt.go:322.22,324.4 1 0
github.com/tzneal/prompt/standardcommands.go:9.53,10.42 1 0
github.com/tzneal/prompt/standardcommands.go:10.42,12.3 1 0
github.com/tzneal/prompt/standardcommands.go:18.43,19.42 1 0
github.com/tzneal/prompt/standardcommands.go:19.42,20.21 1 0
github.com/tzneal/prompt/standardcommands.go:24.3,24.28 1 0
github.com/tzneal/prompt/standardcommands.go:20.21,23.4 2 0
github.com/tzneal/prompt/standardcommands.go:29.39,30.42 1 0
github.com/tzneal/prompt/standardcommands.go:30.42,32.3 1 0
